<?xml version="1.0" encoding="UTF-8"?>
<testng-results ignored="0" total="2" passed="2" failed="0" skipped="0">
  <reporter-output>
  </reporter-output>
  <suite started-at="2022-09-22T17:06:50 IST" name="Default suite" finished-at="2022-09-22T17:06:56 IST" duration-ms="5839">
    <groups>
    </groups>
    <test started-at="2022-09-22T17:06:50 IST" name="Default test" finished-at="2022-09-22T17:06:56 IST" duration-ms="5839">
      <class name="sample.Title">
        <test-method is-config="true" signature="setup()[pri:0, instance:sample.Title@45099dd3]" started-at="2022-09-22T17:06:50 IST" name="setup" finished-at="2022-09-22T17:06:56 IST" duration-ms="5432" status="PASS">
          <reporter-output>
          </reporter-output>
        </test-method> <!-- setup -->
        <test-method signature="checkurl()[pri:0, instance:sample.Title@45099dd3]" started-at="2022-09-22T17:06:56 IST" name="checkurl" finished-at="2022-09-22T17:06:56 IST" duration-ms="40" status="PASS">
          <reporter-output>
          </reporter-output>
        </test-method> <!-- checkurl -->
        <test-method signature="titlecheck()[pri:0, instance:sample.Title@45099dd3]" started-at="2022-09-22T17:06:56 IST" name="titlecheck" finished-at="2022-09-22T17:06:56 IST" duration-ms="47" status="PASS">
          <reporter-output>
          </reporter-output>
        </test-method> <!-- titlecheck -->
        <test-method is-config="true" signature="end()[pri:0, instance:sample.Title@45099dd3]" started-at="2022-09-22T17:06:56 IST" name="end" finished-at="2022-09-22T17:06:56 IST" duration-ms="221" status="PASS">
          <reporter-output>
          </reporter-output>
        </test-method> <!-- end -->
      </class> <!-- sample.Title -->
    </test> <!-- Default test -->
  </suite> <!-- Default suite -->
</testng-results>
